<?xml version="1.0" encoding="UTF-8"?>
<!-- Generated by org.testng.reporters.JUnitXMLReporter -->
<testsuite hostname="DESKTOP-2OF5IKQ" name="Ebay" tests="5" failures="0" timestamp="15 Jun 2023 00:29:02 GMT" time="140.27" errors="0">
  <testcase name="feature" time="59.744" classname="upskill.runners.RunnerClass"/>
  <testcase name="feature" time="38.903" classname="upskill.runners.RunnerClass"/>
  <testcase name="feature" time="9.427" classname="upskill.runners.RunnerClass"/>
  <testcase name="feature" time="13.478" classname="upskill.runners.RunnerClass"/>
  <testcase name="feature" time="18.032" classname="upskill.runners.RunnerClass"/>
</testsuite> <!-- Ebay -->
